<?xml version="1.0" encoding="UTF-8"?>
<testsuite xmlns:xsi="http://www.w3.org/2001/XMLSchema-instance" xsi:noNamespaceSchemaLocation="https://maven.apache.org/surefire/maven-surefire-plugin/xsd/surefire-test-report-3.0.xsd" version="3.0" name="com.sauce.runners.TestRunner" time="18.601" tests="5" errors="0" skipped="0" failures="0">
  <properties>
[...]
</properties>
  <testcase name="ID01 - Login com sucesso" classname="Login no SauceDemo" time="4.675">
    <system-out><![CDATA[
@regression @web @ID01
Cenário: ID01 - Login com sucesso                        # src/test/resources/features/login.feature:13
🔧 Ambiente carregado: dev
🚀 Inicializando browser: chrome | Headless: false
🚀 Iniciando teste no ambiente: dev
🌐 Tentando acessar: https://www.saucedemo.com
📍 URL atual: https://www.saucedemo.com/
📄 Título da página: Swag Labs
✅ Ambiente: dev
  Dado que estou na página de login                      # com.sauce.steps.LoginSteps.queEstouNaPaginaDeLogin()
  Quando faço login com credenciais padrão               # com.sauce.steps.LoginSteps.facoLoginComCredenciaisPadrao()
  Então devo ser redirecionado para página de inventário # com.sauce.steps.LoginSteps.devoSerRedirecionadoParaPaginaDeInventario()
  E devo ver o logo da aplicação                         # com.sauce.steps.LoginSteps.devoVerOLogoDaAplicacao()
🔄 Executando pós-condição (Hooks)... Status da falha: false
🔚 Driver finalizado
🏁 Teste finalizado: ID01 - Login com sucesso
]]></system-out>
    <system-err><![CDATA[SLF4J(W): No SLF4J providers were found.
SLF4J(W): Defaulting to no-operation (NOP) logger implementation
SLF4J(W): See https://www.slf4j.org/codes.html#noProviders for further details.
mai. 30, 2026 7:31:04 PM org.openqa.selenium.devtools.CdpVersionFinder findNearestMatch
ADVERTÊNCIA: Unable to find CDP implementation matching 148
mai. 30, 2026 7:31:04 PM org.openqa.selenium.chromium.ChromiumDriver lambda$new$5
ADVERTÊNCIA: Unable to find version of CDP to use for 148.0.7778.215. You may need to include a dependency on a specific version of the CDP using something similar to `org.seleniumhq.selenium:selenium-devtools-v86:4.18.1` where the version ("v86") matches the version of the chromium-based browser you're using and the version number of the artifact is the same as Selenium's.
]]></system-err>
  </testcase>
  <testcase name="ID02 - Login com usuário bloqueado" classname="Login no SauceDemo" time="4.21">
    <system-out><![CDATA[
@regression @web @ID02
Cenário: ID02 - Login com usuário bloqueado                                               # src/test/resources/features/login.feature:19
🚀 Inicializando browser: chrome | Headless: false
🚀 Iniciando teste no ambiente: dev
🌐 Tentando acessar: https://www.saucedemo.com
📍 URL atual: https://www.saucedemo.com/
📄 Título da página: Swag Labs
✅ Ambiente: dev
  Dado que estou na página de login                                                       # com.sauce.steps.LoginSteps.queEstouNaPaginaDeLogin()
  Quando faço login com usuário bloqueado                                                 # com.sauce.steps.LoginSteps.facoLoginComUsuarioBloqueado()
  Então devo ver a mensagem de erro "Epic sadface: Sorry, this user has been locked out." # com.sauce.steps.LoginSteps.devoVerAMensagemDeErro(java.lang.String)
🔄 Executando pós-condição (Hooks)... Status da falha: false
🔚 Driver finalizado
🏁 Teste finalizado: ID02 - Login com usuário bloqueado
]]></system-out>
    <system-err><![CDATA[mai. 30, 2026 7:31:07 PM org.openqa.selenium.devtools.CdpVersionFinder findNearestMatch
ADVERTÊNCIA: Unable to find CDP implementation matching 148
mai. 30, 2026 7:31:07 PM org.openqa.selenium.chromium.ChromiumDriver lambda$new$5
ADVERTÊNCIA: Unable to find version of CDP to use for 148.0.7778.215. You may need to include a dependency on a specific version of the CDP using something similar to `org.seleniumhq.selenium:selenium-devtools-v86:4.18.1` where the version ("v86") matches the version of the chromium-based browser you're using and the version number of the artifact is the same as Selenium's.
]]></system-err>
  </testcase>
  <testcase name="ID03 - Login com senha inválida" classname="Login no SauceDemo" time="3.225">
    <system-out><![CDATA[
@regression @web @ID03
Cenário: ID03 - Login com senha inválida                                                          # src/test/resources/features/login.feature:24
🚀 Inicializando browser: chrome | Headless: false
🚀 Iniciando teste no ambiente: dev
🌐 Tentando acessar: https://www.saucedemo.com
📍 URL atual: https://www.saucedemo.com/
📄 Título da página: Swag Labs
✅ Ambiente: dev
  Dado que estou na página de login                                                               # com.sauce.steps.LoginSteps.queEstouNaPaginaDeLogin()
  Quando faço login com usuário "standard_user" e senha "senha_errada"                            # com.sauce.steps.LoginSteps.facoLoginComUsuarioESenha(java.lang.String,java.lang.String)
  Então devo ver a mensagem de erro "Username and password do not match any user in this service" # com.sauce.steps.LoginSteps.devoVerAMensagemDeErro(java.lang.String)
🔄 Executando pós-condição (Hooks)... Status da falha: false
🔚 Driver finalizado
🏁 Teste finalizado: ID03 - Login com senha inválida
]]></system-out>
    <system-err><![CDATA[mai. 30, 2026 7:31:12 PM org.openqa.selenium.devtools.CdpVersionFinder findNearestMatch
ADVERTÊNCIA: Unable to find CDP implementation matching 148
mai. 30, 2026 7:31:12 PM org.openqa.selenium.chromium.ChromiumDriver lambda$new$5
ADVERTÊNCIA: Unable to find version of CDP to use for 148.0.7778.215. You may need to include a dependency on a specific version of the CDP using something similar to `org.seleniumhq.selenium:selenium-devtools-v86:4.18.1` where the version ("v86") matches the version of the chromium-based browser you're using and the version number of the artifact is the same as Selenium's.
]]></system-err>
  </testcase>
  <testcase name="ID04 - Login com usuário vazio" classname="Login no SauceDemo" time="2.92">
    <system-out><![CDATA[
@regression @web @ID04
Cenário: ID04 - Login com usuário vazio                    # src/test/resources/features/login.feature:29
🚀 Inicializando browser: chrome | Headless: false
🚀 Iniciando teste no ambiente: dev
🌐 Tentando acessar: https://www.saucedemo.com
📍 URL atual: https://www.saucedemo.com/
📄 Título da página: Swag Labs
✅ Ambiente: dev
  Dado que estou na página de login                        # com.sauce.steps.LoginSteps.queEstouNaPaginaDeLogin()
  Quando faço login com usuário "" e senha "secret_sauce"  # com.sauce.steps.LoginSteps.facoLoginComUsuarioESenha(java.lang.String,java.lang.String)
  Então devo ver a mensagem de erro "Username is required" # com.sauce.steps.LoginSteps.devoVerAMensagemDeErro(java.lang.String)
🔄 Executando pós-condição (Hooks)... Status da falha: false
🔚 Driver finalizado
🏁 Teste finalizado: ID04 - Login com usuário vazio
]]></system-out>
    <system-err><![CDATA[mai. 30, 2026 7:31:15 PM org.openqa.selenium.devtools.CdpVersionFinder findNearestMatch
ADVERTÊNCIA: Unable to find CDP implementation matching 148
mai. 30, 2026 7:31:15 PM org.openqa.selenium.chromium.ChromiumDriver lambda$new$5
ADVERTÊNCIA: Unable to find version of CDP to use for 148.0.7778.215. You may need to include a dependency on a specific version of the CDP using something similar to `org.seleniumhq.selenium:selenium-devtools-v86:4.18.1` where the version ("v86") matches the version of the chromium-based browser you're using and the version number of the artifact is the same as Selenium's.
]]></system-err>
  </testcase>
  <testcase name="ID05 - Login com senha vazia" classname="Login no SauceDemo" time="2.72">
    <system-out><![CDATA[
@regression @web @ID05
Cenário: ID05 - Login com senha vazia                      # src/test/resources/features/login.feature:34
🚀 Inicializando browser: chrome | Headless: false
🚀 Iniciando teste no ambiente: dev
🌐 Tentando acessar: https://www.saucedemo.com
📍 URL atual: https://www.saucedemo.com/
📄 Título da página: Swag Labs
✅ Ambiente: dev
  Dado que estou na página de login                        # com.sauce.steps.LoginSteps.queEstouNaPaginaDeLogin()
  Quando faço login com usuário "standard_user" e senha "" # com.sauce.steps.LoginSteps.facoLoginComUsuarioESenha(java.lang.String,java.lang.String)
  Então devo ver a mensagem de erro "Password is required" # com.sauce.steps.LoginSteps.devoVerAMensagemDeErro(java.lang.String)
🔄 Executando pós-condição (Hooks)... Status da falha: false
🔚 Driver finalizado
🏁 Teste finalizado: ID05 - Login com senha vazia
]]></system-out>
    <system-err><![CDATA[mai. 30, 2026 7:31:18 PM org.openqa.selenium.devtools.CdpVersionFinder findNearestMatch
ADVERTÊNCIA: Unable to find CDP implementation matching 148
mai. 30, 2026 7:31:18 PM org.openqa.selenium.chromium.ChromiumDriver lambda$new$5
ADVERTÊNCIA: Unable to find version of CDP to use for 148.0.7778.215. You may need to include a dependency on a specific version of the CDP using something similar to `org.seleniumhq.selenium:selenium-devtools-v86:4.18.1` where the version ("v86") matches the version of the chromium-based browser you're using and the version number of the artifact is the same as Selenium's.
]]></system-err>
  </testcase>
</testsuite>